<?xml version="1.0" encoding="UTF-8"?>
<!-- Generated by org.testng.reporters.JUnitXMLReporter -->
<testsuite hostname="PC235407" name="MyAdminSmokeOne" tests="2" failures="1" timestamp="15 Nov 2017 11:02:28 GMT" time="140.23" errors="0">
  <testcase name="login" time="24.335" classname="automationFramework.transfer_Booking_Transfertype_Private"/>
  <testcase name="searchaccomodation" time="115.862" classname="automationFramework.transfer_Booking_Transfertype_Private">
    <failure type="java.lang.AssertionError" message="Timed out after 30 seconds waiting for visibility of element located by By.xpath: //button[@id=&amp;apos;continueToBook&amp;apos;]
Build info: version: &amp;apos;2.53.1&amp;apos;, revision: &amp;apos;a36b8b1cd5757287168e54b817830adce9b0158d&amp;apos;, time: &amp;apos;2016-06-30 19:26:09&amp;apos;
System info: host: &amp;apos;PC235407&amp;apos;, ip: &amp;apos;10.227.13.52&amp;apos;, os.name: &amp;apos;Windows 10&amp;apos;, os.arch: &amp;apos;amd64&amp;apos;, os.version: &amp;apos;10.0&amp;apos;, java.version: &amp;apos;1.8.0_121&amp;apos;
Driver info: org.openqa.selenium.chrome.ChromeDriver
Capabilities [{applicationCacheEnabled=false, rotatable=false, mobileEmulationEnabled=false, networkConnectionEnabled=false, chrome={chromedriverVersion=2.29.461591 (62ebf098771772160f391d75e589dc567915b233), userDataDir=C:\Users\438816\AppData\Local\Temp\scoped_dir8156_24577}, takesHeapSnapshot=true, pageLoadStrategy=normal, databaseEnabled=false, handlesAlerts=true, hasTouchScreen=false, version=58.0.3029.110, platform=XP, browserConnectionEnabled=false, nativeEvents=true, acceptSslCerts=true, locationContextEnabled=true, webStorageEnabled=true, browserName=chrome, takesScreenshot=true, javascriptEnabled=true, cssSelectorsEnabled=true, unexpectedAlertBehaviour=}]
Session ID: b2654e6d25ea3900ed4cfc4a0eb79499 expected [true] but found [false]">
      <![CDATA[java.lang.AssertionError: Timed out after 30 seconds waiting for visibility of element located by By.xpath: //button[@id='continueToBook']
Build info: version: '2.53.1', revision: 'a36b8b1cd5757287168e54b817830adce9b0158d', time: '2016-06-30 19:26:09'
System info: host: 'PC235407', ip: '10.227.13.52', os.name: 'Windows 10', os.arch: 'amd64', os.version: '10.0', java.version: '1.8.0_121'
Driver info: org.openqa.selenium.chrome.ChromeDriver
Capabilities [{applicationCacheEnabled=false, rotatable=false, mobileEmulationEnabled=false, networkConnectionEnabled=false, chrome={chromedriverVersion=2.29.461591 (62ebf098771772160f391d75e589dc567915b233), userDataDir=C:\Users\438816\AppData\Local\Temp\scoped_dir8156_24577}, takesHeapSnapshot=true, pageLoadStrategy=normal, databaseEnabled=false, handlesAlerts=true, hasTouchScreen=false, version=58.0.3029.110, platform=XP, browserConnectionEnabled=false, nativeEvents=true, acceptSslCerts=true, locationContextEnabled=true, webStorageEnabled=true, browserName=chrome, takesScreenshot=true, javascriptEnabled=true, cssSelectorsEnabled=true, unexpectedAlertBehaviour=}]
Session ID: b2654e6d25ea3900ed4cfc4a0eb79499 expected [true] but found [false]
	at automationFramework.transfer_Booking_Transfertype_Private.searchaccomodation(transfer_Booking_Transfertype_Private.java:297)
... Removed 27 stack frames]]>
    </failure>
  </testcase> <!-- searchaccomodation -->
</testsuite> <!-- MyAdminSmokeOne -->
